<?xml version="1.0" encoding="UTF-8"?>
<!-- Generated by org.testng.reporters.JUnitReportReporter -->
<testsuite skipped="0" hostname="MKP019" name="br.com.tiago.test.SmokeTest" tests="3" failures="0" timestamp="23 out 2018 01:50:20 GMT" time="22.659" errors="0">
  <testcase name="justATest" time="7.199" classname="br.com.tiago.test.SmokeTest"/>
  <testcase name="justATest" time="8.947" classname="br.com.tiago.test.SmokeTest"/>
  <testcase name="justATest" time="6.513" classname="br.com.tiago.test.SmokeTest"/>
</testsuite> <!-- br.com.tiago.test.SmokeTest -->
